nohup: ignoring input
Starting frontend server...

> mind-soul-hub@0.0.0 preview
> vite preview --port 9001

  ➜  Local:   http://localhost:9001/
  ➜  Network: use --host to expose
Server crashed or stopped. Restarting in 5 seconds...
Starting frontend server...

> mind-soul-hub@0.0.0 preview
> vite preview --port 9001

  ➜  Local:   http://localhost:9001/
  ➜  Network: use --host to expose
./start-frontend.sh: line 7: 253766 Hangup                  npm run preview -- --port 9001
Server crashed or stopped. Restarting in 5 seconds...
Starting frontend server...

> mind-soul-hub@0.0.0 preview
> vite preview --port 9001

  ➜  Local:   http://localhost:9001/
  ➜  Network: use --host to expose
Server crashed or stopped. Restarting in 5 seconds...
Starting frontend server...

> mind-soul-hub@0.0.0 preview
> vite preview --port 9001

  ➜  Local:   http://localhost:9001/
  ➜  Network: use --host to expose
